[debug] [2022-05-29T07:51:51.855Z] ----------------------------------------------------------------------
[debug] [2022-05-29T07:51:51.857Z] Command:       D:\Node_js_latest\node.exe C:\Users\SHUVON\AppData\Roaming\npm\node_modules\firebase-tools\lib\bin\firebase.js deploy
[debug] [2022-05-29T07:51:51.857Z] CLI Version:   10.8.0
[debug] [2022-05-29T07:51:51.857Z] Platform:      win32
[debug] [2022-05-29T07:51:51.857Z] Node Version:  v16.13.1
[debug] [2022-05-29T07:51:51.858Z] Time:          Sun May 29 2022 13:51:51 GMT+0600 (Bangladesh Standard Time)
[debug] [2022-05-29T07:51:51.859Z] ----------------------------------------------------------------------
[debug] 
[debug] [2022-05-29T07:51:51.929Z] > command requires scopes: ["email","openid","https://www.googleapis.com/auth/cloudplatformprojects.readonly","https://www.googleapis.com/auth/firebase","https://www.googleapis.com/auth/cloud-platform"]
[debug] [2022-05-29T07:51:51.929Z] > authorizing via signed-in user (mehedi.hasan.shuvon@gmail.com)
[debug] [2022-05-29T07:51:51.929Z] [iam] checking project assignment-12-hddbd for permissions ["firebase.projects.get","firebasehosting.sites.update"]
[debug] [2022-05-29T07:51:51.932Z] >>> [apiv2][query] POST https://cloudresourcemanager.googleapis.com/v1/projects/assignment-12-hddbd:testIamPermissions [none]
[debug] [2022-05-29T07:51:51.932Z] >>> [apiv2][body] POST https://cloudresourcemanager.googleapis.com/v1/projects/assignment-12-hddbd:testIamPermissions {"permissions":["firebase.projects.get","firebasehosting.sites.update"]}
[debug] [2022-05-29T07:51:51.952Z] [iam] error while checking permissions, command may fail: FirebaseError: Failed to make request to https://cloudresourcemanager.googleapis.com/v1/projects/assignment-12-hddbd:testIamPermissions
[debug] [2022-05-29T07:51:51.953Z] >>> [apiv2][query] GET https://firebase.googleapis.com/v1beta1/projects/assignment-12-hddbd [none]
[debug] [2022-05-29T07:51:51.958Z] Failed to make request to https://firebase.googleapis.com/v1beta1/projects/assignment-12-hddbd
[debug] [2022-05-29T07:51:51.963Z] FirebaseError: Failed to make request to https://firebase.googleapis.com/v1beta1/projects/assignment-12-hddbd
    at RetryOperation._fn (C:\Users\SHUVON\AppData\Roaming\npm\node_modules\firebase-tools\lib\apiv2.js:240:31)
    at processTicksAndRejections (node:internal/process/task_queues:96:5)
[error] 
[error] Error: Failed to get Firebase project assignment-12-hddbd. Please make sure the project exists and your account has permission to access it.
